<?xml version="1.0" encoding="UTF-8"?>
<!-- Generated by org.testng.reporters.JUnitReportReporter -->
<testsuite hostname="MaheshNaloju" failures="0" tests="1" name="arca.tests.BrowserHandlings" time="45.505" errors="0" timestamp="2022-01-06T18:54:54 IST" skipped="0">
  <testcase classname="arca.tests.BrowserHandlings" name="files_reminder" time="45.505"/>
  <system-out/>
</testsuite> <!-- arca.tests.BrowserHandlings -->
